<?xml version="1.0" encoding="UTF-8"?>
<!-- Generated by org.testng.reporters.JUnitXMLReporter -->
<testsuite ignored="0" hostname="ATMECSINDT-080" failures="0" tests="3" name="Test" time="48.14" errors="0" timestamp="03 Oct 2019 10:39:16 GMT">
  <testcase classname="com.atmecs.homepage.testbase.InvokeBrowser" name="setup" time="18.939"/>
  <testcase classname="com.atmecs.homepage.testscript.HomePage" name="homePage" time="7.949"/>
  <testcase classname="com.atmecs.homepage.testscript.HomePage" name="moreInfo" time="21.221"/>
</testsuite> <!-- Test -->
