<?xml version="1.0" encoding="UTF-8"?>
<testng-results ignored="0" total="3" passed="3" failed="0" skipped="0">
  <reporter-output>
  </reporter-output>
  <suite started-at="2019-10-03T17:28:06 IST" name="Suite" finished-at="2019-10-03T17:28:55 IST" duration-ms="48146">
    <groups>
    </groups>
    <test started-at="2019-10-03T17:28:06 IST" name="Test" finished-at="2019-10-03T17:28:55 IST" duration-ms="48146">
      <class name="com.atmecs.homepage.testscript.HomePage">
        <test-method signature="setup()[pri:1, instance:com.atmecs.homepage.testscript.HomePage@17c386de]" started-at="2019-10-03T17:28:06 IST" name="setup" finished-at="2019-10-03T17:28:26 IST" duration-ms="19639" status="PASS">
          <reporter-output>
          </reporter-output>
        </test-method> <!-- setup -->
        <test-method signature="homePage()[pri:2, instance:com.atmecs.homepage.testscript.HomePage@17c386de]" started-at="2019-10-03T17:28:26 IST" name="homePage" finished-at="2019-10-03T17:28:33 IST" duration-ms="7415" status="PASS">
          <reporter-output>
          </reporter-output>
        </test-method> <!-- homePage -->
        <test-method signature="moreInfo()[pri:3, instance:com.atmecs.homepage.testscript.HomePage@17c386de]" started-at="2019-10-03T17:28:33 IST" name="moreInfo" finished-at="2019-10-03T17:28:55 IST" duration-ms="21050" status="PASS">
          <reporter-output>
          </reporter-output>
        </test-method> <!-- moreInfo -->
      </class> <!-- com.atmecs.homepage.testscript.HomePage -->
    </test> <!-- Test -->
  </suite> <!-- Suite -->
</testng-results>
