<?xml version="1.0" encoding="UTF-8"?>
<!-- Generated by org.testng.reporters.JUnitXMLReporter -->
<testsuite ignored="0" hostname="ATMECSINDT-080" failures="0" tests="3" name="Default test" time="51.658" errors="0" timestamp="03 Oct 2019 12:35:14 GMT">
  <testcase classname="com.atmecs.homepage.testbase.InvokeBrowser" name="setup" time="19.835"/>
  <testcase classname="com.atmecs.homepage.testscript.HomePage" name="homePage" time="7.519"/>
  <testcase classname="com.atmecs.homepage.testscript.HomePage" name="moreInfo" time="24.268"/>
</testsuite> <!-- Default test -->
