<?xml version="1.0" encoding="UTF-8"?>
<!-- Generated by org.testng.reporters.JUnitXMLReporter -->
<testsuite ignored="0" hostname="ATMECSINDT-080" failures="0" tests="3" name="Test" time="48.146" errors="0" timestamp="2019-10-03T17:28:55 IST">
  <testcase classname="com.atmecs.homepage.testbase.InvokeBrowser" name="setup" time="19.639"/>
  <testcase classname="com.atmecs.homepage.testscript.HomePage" name="homePage" time="7.415"/>
  <testcase classname="com.atmecs.homepage.testscript.HomePage" name="moreInfo" time="21.05"/>
</testsuite> <!-- Test -->
